<?xml version="1.0" encoding="utf-8" standalone="no"?>
<!--This file represents the results of running a test suite-->
<test-results name="C:\Documents and Settings\admin\Desktop\Pacman1\Pacman1\bin\Debug\Pacman1.exe" total="9" errors="0" failures="1" not-run="0" inconclusive="0" ignored="0" skipped="0" invalid="0" date="2011-08-19" time="14:16:23">
  <environment nunit-version="2.5.10.11092" clr-version="2.0.50727.3620" os-version="Microsoft Windows NT 5.1.2600 Service Pack 3" platform="Win32NT" cwd="C:\Documents and Settings\admin\Desktop\Pacman1\Pacman1\bin\Debug" machine-name="EE113-ACER151" user="admin" user-domain="EE113-ACER151" />
  <culture-info current-culture="en-US" current-uiculture="en-US" />
  <test-suite type="Assembly" name="C:\Documents and Settings\admin\Desktop\Pacman1\Pacman1\bin\Debug\Pacman1.exe" executed="True" result="Failure" success="False" time="0.094" asserts="0">
    <results>
      <test-suite type="Namespace" name="Pacman" executed="True" result="Failure" success="False" time="0.094" asserts="0">
        <results>
          <test-suite type="TestFixture" name="TestPacman" executed="True" result="Failure" success="False" time="0.078" asserts="0">
            <results>
              <test-case name="Pacman.TestPacman.testHeroCanNotMoveDown" executed="True" result="Success" success="True" time="0.016" asserts="4" />
              <test-case name="Pacman.TestPacman.testHeroCanNotMoveleft" executed="True" result="Success" success="True" time="0.000" asserts="4" />
              <test-case name="Pacman.TestPacman.testHeroCanNotMoveRight" executed="True" result="Success" success="True" time="0.000" asserts="4" />
              <test-case name="Pacman.TestPacman.testHeroCanNotMoveUp" executed="True" result="Success" success="True" time="0.000" asserts="4" />
              <test-case name="Pacman.TestPacman.testHeroFollowGhost" executed="True" result="Failure" success="False" time="0.031" asserts="3">
                <failure>
                  <message><![CDATA[  String lengths are both 1. Strings differ at index 0.
  Expected: "0"
  But was:  " "
  -----------^
]]></message>
                  <stack-trace><![CDATA[at Pacman.TestPacman.testHeroFollowGhost() in C:\Documents and Settings\admin\Desktop\Pacman1\Pacman1\TestPacman.cs:line 266
]]></stack-trace>
                </failure>
              </test-case>
              <test-case name="Pacman.TestPacman.testHeroMoveDown" executed="True" result="Success" success="True" time="0.000" asserts="4" />
              <test-case name="Pacman.TestPacman.testHeroMoveLeft" executed="True" result="Success" success="True" time="0.000" asserts="4" />
              <test-case name="Pacman.TestPacman.testHeroMoveRight" executed="True" result="Success" success="True" time="0.000" asserts="4" />
              <test-case name="Pacman.TestPacman.testHeroMoveUp" executed="True" result="Success" success="True" time="0.000" asserts="4" />
            </results>
          </test-suite>
        </results>
      </test-suite>
    </results>
  </test-suite>
</test-results>